0 info it worked if it ends with ok
1 verbose cli [ 'C:\\Program Files\\nodejs\\node.exe',
1 verbose cli   'C:\\Users\\Paragon\\AppData\\Roaming\\npm\\node_modules\\npm\\bin\\npm-cli.js',
1 verbose cli   'start' ]
2 info using npm@3.9.2
3 info using node@v4.4.4
4 verbose run-script [ 'prestart', 'start', 'poststart' ]
5 info lifecycle lionheart@0.0.1~prestart: lionheart@0.0.1
6 silly lifecycle lionheart@0.0.1~prestart: no script for prestart, continuing
7 info lifecycle lionheart@0.0.1~start: lionheart@0.0.1
8 verbose lifecycle lionheart@0.0.1~start: unsafe-perm in lifecycle true
9 verbose lifecycle lionheart@0.0.1~start: PATH: C:\Users\Paragon\AppData\Roaming\npm\node_modules\npm\bin\node-gyp-bin;C:\Users\Paragon\safespace\include\gw\caleAPI\node_modules\.bin;C:\Program Files\nodejs;"C:\Program Files (x86)\Heroku\ruby-2.1.7\bin";C:\Program Files\PHP\v7.0;C:\Program Files (x86)\PHP\v7.0;C:\ProgramData\Oracle\Java\javapath;C:\Program Files (x86)\Intel\iCLS Client\;C:\Program Files\Intel\iCLS Client\;C:\Windows\system32;C:\Windows;C:\Windows\System32\Wbem;C:\Windows\System32\WindowsPowerShell\v1.0\;C:\Program Files (x86)\NVIDIA Corporation\PhysX\Common;C:\WINDOWS\system32;C:\WINDOWS;C:\WINDOWS\System32\Wbem;C:\WINDOWS\System32\WindowsPowerShell\v1.0\;C:\Program Files (x86)\Skype\Phone\;C:\Python27;C:\Program Files\nodejs\;%USERPROFILE%\.dnx\bin;C:\Program Files\Microsoft DNX\Dnvm\;C:\Program Files\Microsoft SQL Server\130\Tools\Binn\;C:\Program Files (x86)\Windows Kits\10\Windows Performance Toolkit\;C:\Program Files (x86)\Brackets\command;C:\Program Files (x86)\Intel\Intel(R) Management Engine Components\DAL;C:\Program Files\Intel\Intel(R) Management Engine Components\DAL;C:\Program Files (x86)\Intel\Intel(R) Management Engine Components\IPT;C:\Program Files\Intel\Intel(R) Management Engine Components\IPT;C:\Users\Paragon\android-sdks\platform-tools\ade.exe;C:\Users\Paragon\android-sdks\platform-tools;C:\Python27\Scripts\;C:\Program Files (x86)\Heroku\bin;C:\Program Files (x86)\git\cmd;C:\Program Files (x86)\Git\cmd;C:\Users\Paragon\AppData\Local\Programs\Python\Python35-32\Scripts\;C:\Users\Paragon\AppData\Local\Programs\Python\Python35-32\;C:\Users\Paragon\AppData\Local\atom\Update.exe --processStart atom.exe;C:\Users\Paragon\AppData\Roaming\npm;C:\Program Files (x86)\Microsoft SDKs\Windows\v7.0A\Bin;c:\powershellprograms\notepad;C:\Program Files (x86)\Notepad++;C:\Users\Paragon\AppData\Local\atom\bin;C:\Ruby23-x64\bin;C:\Users\Paragon\android-sdks\platform-tools\adb.exe;C:\Program Files (x86)\Git\bin
10 verbose lifecycle lionheart@0.0.1~start: CWD: C:\Users\Paragon\safespace\include\gw\caleAPI
11 silly lifecycle lionheart@0.0.1~start: Args: [ '/d /s /c', 'node src/index.js' ]
12 silly lifecycle lionheart@0.0.1~start: Returned: code: 1  signal: null
13 info lifecycle lionheart@0.0.1~start: Failed to exec start script
14 verbose stack Error: lionheart@0.0.1 start: `node src/index.js`
14 verbose stack Exit status 1
14 verbose stack     at EventEmitter.<anonymous> (C:\Users\Paragon\AppData\Roaming\npm\node_modules\npm\lib\utils\lifecycle.js:245:16)
14 verbose stack     at emitTwo (events.js:87:13)
14 verbose stack     at EventEmitter.emit (events.js:172:7)
14 verbose stack     at ChildProcess.<anonymous> (C:\Users\Paragon\AppData\Roaming\npm\node_modules\npm\lib\utils\spawn.js:24:14)
14 verbose stack     at emitTwo (events.js:87:13)
14 verbose stack     at ChildProcess.emit (events.js:172:7)
14 verbose stack     at maybeClose (internal/child_process.js:827:16)
14 verbose stack     at Process.ChildProcess._handle.onexit (internal/child_process.js:211:5)
15 verbose pkgid lionheart@0.0.1
16 verbose cwd C:\Users\Paragon\safespace\include\gw\caleAPI
17 error Windows_NT 10.0.10586
18 error argv "C:\\Program Files\\nodejs\\node.exe" "C:\\Users\\Paragon\\AppData\\Roaming\\npm\\node_modules\\npm\\bin\\npm-cli.js" "start"
19 error node v4.4.4
20 error npm  v3.9.2
21 error code ELIFECYCLE
22 error lionheart@0.0.1 start: `node src/index.js`
22 error Exit status 1
23 error Failed at the lionheart@0.0.1 start script 'node src/index.js'.
23 error Make sure you have the latest version of node.js and npm installed.
23 error If you do, this is most likely a problem with the lionheart package,
23 error not with npm itself.
23 error Tell the author that this fails on your system:
23 error     node src/index.js
23 error You can get information on how to open an issue for this project with:
23 error     npm bugs lionheart
23 error Or if that isn't available, you can get their info via:
23 error     npm owner ls lionheart
23 error There is likely additional logging output above.
24 verbose exit [ 1, true ]
